app/build/intermediates/manifest_merge_blame_file/debug/processDebugMainManifest/manifest-merger-blame-debug-report.txt
1<?xml version="1.0" encoding="utf-8"?>
2<manifest xmlns:android="http://schemas.android.com/apk/res/android"
3    package="com.routepix"
4    android:versionCode="1"
5    android:versionName="1.0" >
6
7    <uses-sdk
8        android:minSdkVersion="26"
9        android:targetSdkVersion="35" />
10
11    <!-- Network -->
12    <uses-permission android:name="android.permission.INTERNET" />
12-->src\main\AndroidManifest.xml:6:5-67
12-->src\main\AndroidManifest.xml:6:22-64
13
14    <!-- Foreground service -->
15    <uses-permission android:name="android.permission.FOREGROUND_SERVICE" />
15-->src\main\AndroidManifest.xml:9:5-77
15-->src\main\AndroidManifest.xml:9:22-74
16
17    <!-- Media -->
18    <uses-permission android:name="android.permission.READ_MEDIA_IMAGES" />
18-->src\main\AndroidManifest.xml:12:5-76
18-->src\main\AndroidManifest.xml:12:22-73
19    <uses-permission android:name="android.permission.READ_MEDIA_VIDEO" />
19-->src\main\AndroidManifest.xml:13:5-75
19-->src\main\AndroidManifest.xml:13:22-72
20    <uses-permission
20-->src\main\AndroidManifest.xml:14:5-107
21        android:name="android.permission.READ_EXTERNAL_STORAGE"
21-->src\main\AndroidManifest.xml:14:22-77
22        android:maxSdkVersion="32" />
22-->src\main\AndroidManifest.xml:14:78-104
23    <uses-permission android:name="android.permission.ACCESS_NETWORK_STATE" />
23-->[com.google.firebase:firebase-auth:23.1.0] AndroidManifest.xml:26:5-79
23-->[com.google.firebase:firebase-auth:23.1.0] AndroidManifest.xml:26:22-76
24    <uses-permission android:name="com.google.android.providers.gsf.permission.READ_GSERVICES" />
24-->[com.google.android.recaptcha:recaptcha:18.5.1] AndroidManifest.xml:9:5-98
24-->[com.google.android.recaptcha:recaptcha:18.5.1] AndroidManifest.xml:9:22-95
25    <uses-permission android:name="android.permission.WAKE_LOCK" />
25-->[androidx.work:work-runtime:2.10.0] AndroidManifest.xml:23:5-68
25-->[androidx.work:work-runtime:2.10.0] AndroidManifest.xml:23:22-65
26    <uses-permission android:name="android.permission.RECEIVE_BOOT_COMPLETED" />
26-->[androidx.work:work-runtime:2.10.0] AndroidManifest.xml:25:5-81
26-->[androidx.work:work-runtime:2.10.0] AndroidManifest.xml:25:22-78
27
28    <permission
28-->[androidx.core:core:1.15.0] AndroidManifest.xml:22:5-24:47
29        android:name="com.routepix.DYNAMIC_RECEIVER_NOT_EXPORTED_PERMISSION"
29-->[androidx.core:core:1.15.0] AndroidManifest.xml:23:9-81
30        android:protectionLevel="signature" />
30-->[androidx.core:core:1.15.0] AndroidManifest.xml:24:9-44
31
32    <uses-permission android:name="com.routepix.DYNAMIC_RECEIVER_NOT_EXPORTED_PERMISSION" />
32-->[androidx.core:core:1.15.0] AndroidManifest.xml:26:5-97
32-->[androidx.core:core:1.15.0] AndroidManifest.xml:26:22-94
33
34    <application
34-->src\main\AndroidManifest.xml:16:5-35:19
35        android:allowBackup="true"
35-->src\main\AndroidManifest.xml:17:9-35
36        android:appComponentFactory="androidx.core.app.CoreComponentFactory"
36-->[androidx.core:core:1.15.0] AndroidManifest.xml:28:18-86
37        android:debuggable="true"
38        android:extractNativeLibs="false"
39        android:icon="@drawable/ic_launcher_master"
39-->src\main\AndroidManifest.xml:18:9-52
40        android:label="@string/app_name"
40-->src\main\AndroidManifest.xml:19:9-41
41        android:roundIcon="@drawable/ic_launcher_master"
41-->src\main\AndroidManifest.xml:20:9-57
42        android:supportsRtl="true"
42-->src\main\AndroidManifest.xml:21:9-35
43        android:theme="@style/Theme.RoutePix" >
43-->src\main\AndroidManifest.xml:22:9-46
44        <activity
44-->src\main\AndroidManifest.xml:25:9-33:20
45            android:name="com.routepix.MainActivity"
45-->src\main\AndroidManifest.xml:26:13-41
46            android:exported="true"
46-->src\main\AndroidManifest.xml:27:13-36
47            android:theme="@style/Theme.RoutePix" >
47-->src\main\AndroidManifest.xml:28:13-50
48            <intent-filter>
48-->src\main\AndroidManifest.xml:29:13-32:29
49                <action android:name="android.intent.action.MAIN" />
49-->src\main\AndroidManifest.xml:30:17-69
49-->src\main\AndroidManifest.xml:30:25-66
50
51                <category android:name="android.intent.category.LAUNCHER" />
51-->src\main\AndroidManifest.xml:31:17-77
51-->src\main\AndroidManifest.xml:31:27-74
52            </intent-filter>
53        </activity>
54        <activity
54-->[androidx.compose.ui:ui-tooling-android:1.7.6] AndroidManifest.xml:23:9-25:39
55            android:name="androidx.compose.ui.tooling.PreviewActivity"
55-->[androidx.compose.ui:ui-tooling-android:1.7.6] AndroidManifest.xml:24:13-71
56            android:exported="true" />
56-->[androidx.compose.ui:ui-tooling-android:1.7.6] AndroidManifest.xml:25:13-36
57        <activity
57-->[androidx.compose.ui:ui-test-manifest:1.7.6] AndroidManifest.xml:23:9-25:39
58            android:name="androidx.activity.ComponentActivity"
58-->[androidx.compose.ui:ui-test-manifest:1.7.6] AndroidManifest.xml:24:13-63
59            android:exported="true" />
59-->[androidx.compose.ui:ui-test-manifest:1.7.6] AndroidManifest.xml:25:13-36
60
61        <service
61-->[com.google.firebase:firebase-auth-ktx:23.1.0] AndroidManifest.xml:8:9-14:19
62            android:name="com.google.firebase.components.ComponentDiscoveryService"
62-->[com.google.firebase:firebase-auth-ktx:23.1.0] AndroidManifest.xml:9:13-84
63            android:directBootAware="true"
63-->[com.google.firebase:firebase-common:21.0.0] AndroidManifest.xml:32:13-43
64            android:exported="false" >
64-->[com.google.firebase:firebase-auth-ktx:23.1.0] AndroidManifest.xml:10:13-37
65            <meta-data
65-->[com.google.firebase:firebase-auth-ktx:23.1.0] AndroidManifest.xml:11:13-13:85
66                android:name="com.google.firebase.components:com.google.firebase.auth.ktx.FirebaseAuthLegacyRegistrar"
66-->[com.google.firebase:firebase-auth-ktx:23.1.0] AndroidManifest.xml:12:17-119
67                android:value="com.google.firebase.components.ComponentRegistrar" />
67-->[com.google.firebase:firebase-auth-ktx:23.1.0] AndroidManifest.xml:13:17-82
68            <meta-data
68-->[com.google.firebase:firebase-auth:23.1.0] AndroidManifest.xml:69:13-71:85
69                android:name="com.google.firebase.components:com.google.firebase.auth.FirebaseAuthRegistrar"
69-->[com.google.firebase:firebase-auth:23.1.0] AndroidManifest.xml:70:17-109
70                android:value="com.google.firebase.components.ComponentRegistrar" />
70-->[com.google.firebase:firebase-auth:23.1.0] AndroidManifest.xml:71:17-82
71            <meta-data
71-->[com.google.firebase:firebase-firestore-ktx:25.1.1] AndroidManifest.xml:12:13-14:85
72                android:name="com.google.firebase.components:com.google.firebase.firestore.ktx.FirebaseFirestoreLegacyRegistrar"
72-->[com.google.firebase:firebase-firestore-ktx:25.1.1] AndroidManifest.xml:13:17-129
73                android:value="com.google.firebase.components.ComponentRegistrar" />
73-->[com.google.firebase:firebase-firestore-ktx:25.1.1] AndroidManifest.xml:14:17-82
74            <meta-data
74-->[com.google.firebase:firebase-firestore:25.1.1] AndroidManifest.xml:17:13-19:85
75                android:name="com.google.firebase.components:com.google.firebase.firestore.FirebaseFirestoreKtxRegistrar"
75-->[com.google.firebase:firebase-firestore:25.1.1] AndroidManifest.xml:18:17-122
76                android:value="com.google.firebase.components.ComponentRegistrar" />
76-->[com.google.firebase:firebase-firestore:25.1.1] AndroidManifest.xml:19:17-82
77            <meta-data
77-->[com.google.firebase:firebase-firestore:25.1.1] AndroidManifest.xml:20:13-22:85
78                android:name="com.google.firebase.components:com.google.firebase.firestore.FirestoreRegistrar"
78-->[com.google.firebase:firebase-firestore:25.1.1] AndroidManifest.xml:21:17-111
79                android:value="com.google.firebase.components.ComponentRegistrar" />
79-->[com.google.firebase:firebase-firestore:25.1.1] AndroidManifest.xml:22:17-82
80            <meta-data
80-->[com.google.firebase:firebase-common-ktx:21.0.0] AndroidManifest.xml:12:13-14:85
81                android:name="com.google.firebase.components:com.google.firebase.ktx.FirebaseCommonLegacyRegistrar"
81-->[com.google.firebase:firebase-common-ktx:21.0.0] AndroidManifest.xml:13:17-116
82                android:value="com.google.firebase.components.ComponentRegistrar" />
82-->[com.google.firebase:firebase-common-ktx:21.0.0] AndroidManifest.xml:14:17-82
83            <meta-data
83-->[com.google.firebase:firebase-common:21.0.0] AndroidManifest.xml:35:13-37:85
84                android:name="com.google.firebase.components:com.google.firebase.FirebaseCommonKtxRegistrar"
84-->[com.google.firebase:firebase-common:21.0.0] AndroidManifest.xml:36:17-109
85                android:value="com.google.firebase.components.ComponentRegistrar" />
85-->[com.google.firebase:firebase-common:21.0.0] AndroidManifest.xml:37:17-82
86        </service>
87
88        <activity
88-->[com.google.firebase:firebase-auth:23.1.0] AndroidManifest.xml:29:9-46:20
89            android:name="com.google.firebase.auth.internal.GenericIdpActivity"
89-->[com.google.firebase:firebase-auth:23.1.0] AndroidManifest.xml:30:13-80
90            android:excludeFromRecents="true"
90-->[com.google.firebase:firebase-auth:23.1.0] AndroidManifest.xml:31:13-46
91            android:exported="true"
91-->[com.google.firebase:firebase-auth:23.1.0] AndroidManifest.xml:32:13-36
92            android:launchMode="singleTask"
92-->[com.google.firebase:firebase-auth:23.1.0] AndroidManifest.xml:33:13-44
93            android:theme="@android:style/Theme.Translucent.NoTitleBar" >
93-->[com.google.firebase:firebase-auth:23.1.0] AndroidManifest.xml:34:13-72
94            <intent-filter>
94-->[com.google.firebase:firebase-auth:23.1.0] AndroidManifest.xml:35:13-45:29
95                <action android:name="android.intent.action.VIEW" />
95-->[com.google.firebase:firebase-auth:23.1.0] AndroidManifest.xml:36:17-69
95-->[com.google.firebase:firebase-auth:23.1.0] AndroidManifest.xml:36:25-66
96
97                <category android:name="android.intent.category.DEFAULT" />
97-->[com.google.firebase:firebase-auth:23.1.0] AndroidManifest.xml:38:17-76
97-->[com.google.firebase:firebase-auth:23.1.0] AndroidManifest.xml:38:27-73
98                <category android:name="android.intent.category.BROWSABLE" />
98-->[com.google.firebase:firebase-auth:23.1.0] AndroidManifest.xml:39:17-78
98-->[com.google.firebase:firebase-auth:23.1.0] AndroidManifest.xml:39:27-75
99
100                <data
100-->[com.google.firebase:firebase-auth:23.1.0] AndroidManifest.xml:41:17-44:51
101                    android:host="firebase.auth"
101-->[com.google.firebase:firebase-auth:23.1.0] AndroidManifest.xml:42:21-49
102                    android:path="/"
102-->[com.google.firebase:firebase-auth:23.1.0] AndroidManifest.xml:43:21-37
103                    android:scheme="genericidp" />
103-->[com.google.firebase:firebase-auth:23.1.0] AndroidManifest.xml:44:21-48
104            </intent-filter>
105        </activity>
106        <activity
106-->[com.google.firebase:firebase-auth:23.1.0] AndroidManifest.xml:47:9-64:20
107            android:name="com.google.firebase.auth.internal.RecaptchaActivity"
107-->[com.google.firebase:firebase-auth:23.1.0] AndroidManifest.xml:48:13-79
108            android:excludeFromRecents="true"
108-->[com.google.firebase:firebase-auth:23.1.0] AndroidManifest.xml:49:13-46
109            android:exported="true"
109-->[com.google.firebase:firebase-auth:23.1.0] AndroidManifest.xml:50:13-36
110            android:launchMode="singleTask"
110-->[com.google.firebase:firebase-auth:23.1.0] AndroidManifest.xml:51:13-44
111            android:theme="@android:style/Theme.Translucent.NoTitleBar" >
111-->[com.google.firebase:firebase-auth:23.1.0] AndroidManifest.xml:52:13-72
112            <intent-filter>
112-->[com.google.firebase:firebase-auth:23.1.0] AndroidManifest.xml:53:13-63:29
113                <action android:name="android.intent.action.VIEW" />
113-->[com.google.firebase:firebase-auth:23.1.0] AndroidManifest.xml:36:17-69
113-->[com.google.firebase:firebase-auth:23.1.0] AndroidManifest.xml:36:25-66
114
115                <category android:name="android.intent.category.DEFAULT" />
115-->[com.google.firebase:firebase-auth:23.1.0] AndroidManifest.xml:38:17-76
115-->[com.google.firebase:firebase-auth:23.1.0] AndroidManifest.xml:38:27-73
116                <category android:name="android.intent.category.BROWSABLE" />
116-->[com.google.firebase:firebase-auth:23.1.0] AndroidManifest.xml:39:17-78
116-->[com.google.firebase:firebase-auth:23.1.0] AndroidManifest.xml:39:27-75
117
118                <data
118-->[com.google.firebase:firebase-auth:23.1.0] AndroidManifest.xml:41:17-44:51
119                    android:host="firebase.auth"
119-->[com.google.firebase:firebase-auth:23.1.0] AndroidManifest.xml:42:21-49
120                    android:path="/"
120-->[com.google.firebase:firebase-auth:23.1.0] AndroidManifest.xml:43:21-37
121                    android:scheme="recaptcha" />
121-->[com.google.firebase:firebase-auth:23.1.0] AndroidManifest.xml:44:21-48
122            </intent-filter>
123        </activity>
124
125        <service
125-->[androidx.credentials:credentials-play-services-auth:1.2.0-rc01] AndroidManifest.xml:24:9-32:19
126            android:name="androidx.credentials.playservices.CredentialProviderMetadataHolder"
126-->[androidx.credentials:credentials-play-services-auth:1.2.0-rc01] AndroidManifest.xml:25:13-94
127            android:enabled="true"
127-->[androidx.credentials:credentials-play-services-auth:1.2.0-rc01] AndroidManifest.xml:26:13-35
128            android:exported="false" >
128-->[androidx.credentials:credentials-play-services-auth:1.2.0-rc01] AndroidManifest.xml:27:13-37
129            <meta-data
129-->[androidx.credentials:credentials-play-services-auth:1.2.0-rc01] AndroidManifest.xml:29:13-31:104
130                android:name="androidx.credentials.CREDENTIAL_PROVIDER_KEY"
130-->[androidx.credentials:credentials-play-services-auth:1.2.0-rc01] AndroidManifest.xml:30:17-76
131                android:value="androidx.credentials.playservices.CredentialProviderPlayServicesImpl" />
131-->[androidx.credentials:credentials-play-services-auth:1.2.0-rc01] AndroidManifest.xml:31:17-101
132        </service>
133
134        <activity
134-->[androidx.credentials:credentials-play-services-auth:1.2.0-rc01] AndroidManifest.xml:34:9-41:20
135            android:name="androidx.credentials.playservices.HiddenActivity"
135-->[androidx.credentials:credentials-play-services-auth:1.2.0-rc01] AndroidManifest.xml:35:13-76
136            android:configChanges="orientation|screenSize|screenLayout|keyboardHidden"
136-->[androidx.credentials:credentials-play-services-auth:1.2.0-rc01] AndroidManifest.xml:36:13-87
137            android:enabled="true"
137-->[androidx.credentials:credentials-play-services-auth:1.2.0-rc01] AndroidManifest.xml:37:13-35
138            android:exported="false"
138-->[androidx.credentials:credentials-play-services-auth:1.2.0-rc01] AndroidManifest.xml:38:13-37
139            android:fitsSystemWindows="true"
139-->[androidx.credentials:credentials-play-services-auth:1.2.0-rc01] AndroidManifest.xml:39:13-45
140            android:theme="@style/Theme.Hidden" >
140-->[androidx.credentials:credentials-play-services-auth:1.2.0-rc01] AndroidManifest.xml:40:13-48
141        </activity>
142        <activity
142-->[com.google.android.gms:play-services-auth:21.3.0] AndroidManifest.xml:23:9-27:75
143            android:name="com.google.android.gms.auth.api.signin.internal.SignInHubActivity"
143-->[com.google.android.gms:play-services-auth:21.3.0] AndroidManifest.xml:24:13-93
144            android:excludeFromRecents="true"
144-->[com.google.android.gms:play-services-auth:21.3.0] AndroidManifest.xml:25:13-46
145            android:exported="false"
145-->[com.google.android.gms:play-services-auth:21.3.0] AndroidManifest.xml:26:13-37
146            android:theme="@android:style/Theme.Translucent.NoTitleBar" />
146-->[com.google.android.gms:play-services-auth:21.3.0] AndroidManifest.xml:27:13-72
147        <!--
148            Service handling Google Sign-In user revocation. For apps that do not integrate with
149            Google Sign-In, this service will never be started.
150        -->
151        <service
151-->[com.google.android.gms:play-services-auth:21.3.0] AndroidManifest.xml:33:9-37:51
152            android:name="com.google.android.gms.auth.api.signin.RevocationBoundService"
152-->[com.google.android.gms:play-services-auth:21.3.0] AndroidManifest.xml:34:13-89
153            android:exported="true"
153-->[com.google.android.gms:play-services-auth:21.3.0] AndroidManifest.xml:35:13-36
154            android:permission="com.google.android.gms.auth.api.signin.permission.REVOCATION_NOTIFICATION"
154-->[com.google.android.gms:play-services-auth:21.3.0] AndroidManifest.xml:36:13-107
155            android:visibleToInstantApps="true" />
155-->[com.google.android.gms:play-services-auth:21.3.0] AndroidManifest.xml:37:13-48
156
157        <activity
157-->[com.google.android.gms:play-services-base:18.5.0] AndroidManifest.xml:5:9-173
158            android:name="com.google.android.gms.common.api.GoogleApiActivity"
158-->[com.google.android.gms:play-services-base:18.5.0] AndroidManifest.xml:5:19-85
159            android:exported="false"
159-->[com.google.android.gms:play-services-base:18.5.0] AndroidManifest.xml:5:146-170
160            android:theme="@android:style/Theme.Translucent.NoTitleBar" />
160-->[com.google.android.gms:play-services-base:18.5.0] AndroidManifest.xml:5:86-145
161
162        <provider
162-->[com.google.firebase:firebase-common:21.0.0] AndroidManifest.xml:23:9-28:39
163            android:name="com.google.firebase.provider.FirebaseInitProvider"
163-->[com.google.firebase:firebase-common:21.0.0] AndroidManifest.xml:24:13-77
164            android:authorities="com.routepix.firebaseinitprovider"
164-->[com.google.firebase:firebase-common:21.0.0] AndroidManifest.xml:25:13-72
165            android:directBootAware="true"
165-->[com.google.firebase:firebase-common:21.0.0] AndroidManifest.xml:26:13-43
166            android:exported="false"
166-->[com.google.firebase:firebase-common:21.0.0] AndroidManifest.xml:27:13-37
167            android:initOrder="100" />
167-->[com.google.firebase:firebase-common:21.0.0] AndroidManifest.xml:28:13-36
168
169        <service
169-->[androidx.room:room-runtime:2.6.1] AndroidManifest.xml:24:9-28:63
170            android:name="androidx.room.MultiInstanceInvalidationService"
170-->[androidx.room:room-runtime:2.6.1] AndroidManifest.xml:25:13-74
171            android:directBootAware="true"
171-->[androidx.room:room-runtime:2.6.1] AndroidManifest.xml:26:13-43
172            android:exported="false" />
172-->[androidx.room:room-runtime:2.6.1] AndroidManifest.xml:27:13-37
173
174        <provider
174-->[androidx.work:work-runtime:2.10.0] AndroidManifest.xml:29:9-37:20
175            android:name="androidx.startup.InitializationProvider"
175-->[androidx.work:work-runtime:2.10.0] AndroidManifest.xml:30:13-67
176            android:authorities="com.routepix.androidx-startup"
176-->[androidx.work:work-runtime:2.10.0] AndroidManifest.xml:31:13-68
177            android:exported="false" >
177-->[androidx.work:work-runtime:2.10.0] AndroidManifest.xml:32:13-37
178            <meta-data
178-->[androidx.work:work-runtime:2.10.0] AndroidManifest.xml:34:13-36:52
179                android:name="androidx.work.WorkManagerInitializer"
179-->[androidx.work:work-runtime:2.10.0] AndroidManifest.xml:35:17-68
180                android:value="androidx.startup" />
180-->[androidx.work:work-runtime:2.10.0] AndroidManifest.xml:36:17-49
181            <meta-data
181-->[androidx.emoji2:emoji2:1.3.0] AndroidManifest.xml:29:13-31:52
182                android:name="androidx.emoji2.text.EmojiCompatInitializer"
182-->[androidx.emoji2:emoji2:1.3.0] AndroidManifest.xml:30:17-75
183                android:value="androidx.startup" />
183-->[androidx.emoji2:emoji2:1.3.0] AndroidManifest.xml:31:17-49
184            <meta-data
184-->[androidx.lifecycle:lifecycle-process:2.8.7] AndroidManifest.xml:29:13-31:52
185                android:name="androidx.lifecycle.ProcessLifecycleInitializer"
185-->[androidx.lifecycle:lifecycle-process:2.8.7] AndroidManifest.xml:30:17-78
186                android:value="androidx.startup" />
186-->[androidx.lifecycle:lifecycle-process:2.8.7] AndroidManifest.xml:31:17-49
187            <meta-data
187-->[androidx.profileinstaller:profileinstaller:1.3.1] AndroidManifest.xml:29:13-31:52
188                android:name="androidx.profileinstaller.ProfileInstallerInitializer"
188-->[androidx.profileinstaller:profileinstaller:1.3.1] AndroidManifest.xml:30:17-85
189                android:value="androidx.startup" />
189-->[androidx.profileinstaller:profileinstaller:1.3.1] AndroidManifest.xml:31:17-49
190        </provider>
191
192        <service
192-->[androidx.work:work-runtime:2.10.0] AndroidManifest.xml:39:9-45:35
193            android:name="androidx.work.impl.background.systemalarm.SystemAlarmService"
193-->[androidx.work:work-runtime:2.10.0] AndroidManifest.xml:40:13-88
194            android:directBootAware="false"
194-->[androidx.work:work-runtime:2.10.0] AndroidManifest.xml:41:13-44
195            android:enabled="@bool/enable_system_alarm_service_default"
195-->[androidx.work:work-runtime:2.10.0] AndroidManifest.xml:42:13-72
196            android:exported="false" />
196-->[androidx.work:work-runtime:2.10.0] AndroidManifest.xml:43:13-37
197        <service
197-->[androidx.work:work-runtime:2.10.0] AndroidManifest.xml:46:9-52:35
198            android:name="androidx.work.impl.background.systemjob.SystemJobService"
198-->[androidx.work:work-runtime:2.10.0] AndroidManifest.xml:47:13-84
199            android:directBootAware="false"
199-->[androidx.work:work-runtime:2.10.0] AndroidManifest.xml:48:13-44
200            android:enabled="@bool/enable_system_job_service_default"
200-->[androidx.work:work-runtime:2.10.0] AndroidManifest.xml:49:13-70
201            android:exported="true"
201-->[androidx.work:work-runtime:2.10.0] AndroidManifest.xml:50:13-36
202            android:permission="android.permission.BIND_JOB_SERVICE" />
202-->[androidx.work:work-runtime:2.10.0] AndroidManifest.xml:51:13-69
203        <service
203-->[androidx.work:work-runtime:2.10.0] AndroidManifest.xml:53:9-59:35
204            android:name="androidx.work.impl.foreground.SystemForegroundService"
204-->[androidx.work:work-runtime:2.10.0] AndroidManifest.xml:54:13-81
205            android:directBootAware="false"
205-->[androidx.work:work-runtime:2.10.0] AndroidManifest.xml:55:13-44
206            android:enabled="@bool/enable_system_foreground_service_default"
206-->[androidx.work:work-runtime:2.10.0] AndroidManifest.xml:56:13-77
207            android:exported="false" />
207-->[androidx.work:work-runtime:2.10.0] AndroidManifest.xml:57:13-37
208
209        <receiver
209-->[androidx.work:work-runtime:2.10.0] AndroidManifest.xml:61:9-66:35
210            android:name="androidx.work.impl.utils.ForceStopRunnable$BroadcastReceiver"
210-->[androidx.work:work-runtime:2.10.0] AndroidManifest.xml:62:13-88
211            android:directBootAware="false"
211-->[androidx.work:work-runtime:2.10.0] AndroidManifest.xml:63:13-44
212            android:enabled="true"
212-->[androidx.work:work-runtime:2.10.0] AndroidManifest.xml:64:13-35
213            android:exported="false" />
213-->[androidx.work:work-runtime:2.10.0] AndroidManifest.xml:65:13-37
214        <receiver
214-->[androidx.work:work-runtime:2.10.0] AndroidManifest.xml:67:9-77:20
215            android:name="androidx.work.impl.background.systemalarm.ConstraintProxy$BatteryChargingProxy"
215-->[androidx.work:work-runtime:2.10.0] AndroidManifest.xml:68:13-106
216            android:directBootAware="false"
216-->[androidx.work:work-runtime:2.10.0] AndroidManifest.xml:69:13-44
217            android:enabled="false"
217-->[androidx.work:work-runtime:2.10.0] AndroidManifest.xml:70:13-36
218            android:exported="false" >
218-->[androidx.work:work-runtime:2.10.0] AndroidManifest.xml:71:13-37
219            <intent-filter>
219-->[androidx.work:work-runtime:2.10.0] AndroidManifest.xml:73:13-76:29
220                <action android:name="android.intent.action.ACTION_POWER_CONNECTED" />
220-->[androidx.work:work-runtime:2.10.0] AndroidManifest.xml:74:17-87
220-->[androidx.work:work-runtime:2.10.0] AndroidManifest.xml:74:25-84
221                <action android:name="android.intent.action.ACTION_POWER_DISCONNECTED" />
221-->[androidx.work:work-runtime:2.10.0] AndroidManifest.xml:75:17-90
221-->[androidx.work:work-runtime:2.10.0] AndroidManifest.xml:75:25-87
222            </intent-filter>
223        </receiver>
224        <receiver
224-->[androidx.work:work-runtime:2.10.0] AndroidManifest.xml:78:9-88:20
225            android:name="androidx.work.impl.background.systemalarm.ConstraintProxy$BatteryNotLowProxy"
225-->[androidx.work:work-runtime:2.10.0] AndroidManifest.xml:79:13-104
226            android:directBootAware="false"
226-->[androidx.work:work-runtime:2.10.0] AndroidManifest.xml:80:13-44
227            android:enabled="false"
227-->[androidx.work:work-runtime:2.10.0] AndroidManifest.xml:81:13-36
228            android:exported="false" >
228-->[androidx.work:work-runtime:2.10.0] AndroidManifest.xml:82:13-37
229            <intent-filter>
229-->[androidx.work:work-runtime:2.10.0] AndroidManifest.xml:84:13-87:29
230                <action android:name="android.intent.action.BATTERY_OKAY" />
230-->[androidx.work:work-runtime:2.10.0] AndroidManifest.xml:85:17-77
230-->[androidx.work:work-runtime:2.10.0] AndroidManifest.xml:85:25-74
231                <action android:name="android.intent.action.BATTERY_LOW" />
231-->[androidx.work:work-runtime:2.10.0] AndroidManifest.xml:86:17-76
231-->[androidx.work:work-runtime:2.10.0] AndroidManifest.xml:86:25-73
232            </intent-filter>
233        </receiver>
234        <receiver
234-->[androidx.work:work-runtime:2.10.0] AndroidManifest.xml:89:9-99:20
235            android:name="androidx.work.impl.background.systemalarm.ConstraintProxy$StorageNotLowProxy"
235-->[androidx.work:work-runtime:2.10.0] AndroidManifest.xml:90:13-104
236            android:directBootAware="false"
236-->[androidx.work:work-runtime:2.10.0] AndroidManifest.xml:91:13-44
237            android:enabled="false"
237-->[androidx.work:work-runtime:2.10.0] AndroidManifest.xml:92:13-36
238            android:exported="false" >
238-->[androidx.work:work-runtime:2.10.0] AndroidManifest.xml:93:13-37
239            <intent-filter>
239-->[androidx.work:work-runtime:2.10.0] AndroidManifest.xml:95:13-98:29
240                <action android:name="android.intent.action.DEVICE_STORAGE_LOW" />
240-->[androidx.work:work-runtime:2.10.0] AndroidManifest.xml:96:17-83
240-->[androidx.work:work-runtime:2.10.0] AndroidManifest.xml:96:25-80
241                <action android:name="android.intent.action.DEVICE_STORAGE_OK" />
241-->[androidx.work:work-runtime:2.10.0] AndroidManifest.xml:97:17-82
241-->[androidx.work:work-runtime:2.10.0] AndroidManifest.xml:97:25-79
242            </intent-filter>
243        </receiver>
244        <receiver
244-->[androidx.work:work-runtime:2.10.0] AndroidManifest.xml:100:9-109:20
245            android:name="androidx.work.impl.background.systemalarm.ConstraintProxy$NetworkStateProxy"
245-->[androidx.work:work-runtime:2.10.0] AndroidManifest.xml:101:13-103
246            android:directBootAware="false"
246-->[androidx.work:work-runtime:2.10.0] AndroidManifest.xml:102:13-44
247            android:enabled="false"
247-->[androidx.work:work-runtime:2.10.0] AndroidManifest.xml:103:13-36
248            android:exported="false" >
248-->[androidx.work:work-runtime:2.10.0] AndroidManifest.xml:104:13-37
249            <intent-filter>
249-->[androidx.work:work-runtime:2.10.0] AndroidManifest.xml:106:13-108:29
250                <action android:name="android.net.conn.CONNECTIVITY_CHANGE" />
250-->[androidx.work:work-runtime:2.10.0] AndroidManifest.xml:107:17-79
250-->[androidx.work:work-runtime:2.10.0] AndroidManifest.xml:107:25-76
251            </intent-filter>
252        </receiver>
253        <receiver
253-->[androidx.work:work-runtime:2.10.0] AndroidManifest.xml:110:9-121:20
254            android:name="androidx.work.impl.background.systemalarm.RescheduleReceiver"
254-->[androidx.work:work-runtime:2.10.0] AndroidManifest.xml:111:13-88
255            android:directBootAware="false"
255-->[androidx.work:work-runtime:2.10.0] AndroidManifest.xml:112:13-44
256            android:enabled="false"
256-->[androidx.work:work-runtime:2.10.0] AndroidManifest.xml:113:13-36
257            android:exported="false" >
257-->[androidx.work:work-runtime:2.10.0] AndroidManifest.xml:114:13-37
258            <intent-filter>
258-->[androidx.work:work-runtime:2.10.0] AndroidManifest.xml:116:13-120:29
259                <action android:name="android.intent.action.BOOT_COMPLETED" />
259-->[androidx.work:work-runtime:2.10.0] AndroidManifest.xml:117:17-79
259-->[androidx.work:work-runtime:2.10.0] AndroidManifest.xml:117:25-76
260                <action android:name="android.intent.action.TIME_SET" />
260-->[androidx.work:work-runtime:2.10.0] AndroidManifest.xml:118:17-73
260-->[androidx.work:work-runtime:2.10.0] AndroidManifest.xml:118:25-70
261                <action android:name="android.intent.action.TIMEZONE_CHANGED" />
261-->[androidx.work:work-runtime:2.10.0] AndroidManifest.xml:119:17-81
261-->[androidx.work:work-runtime:2.10.0] AndroidManifest.xml:119:25-78
262            </intent-filter>
263        </receiver>
264        <receiver
264-->[androidx.work:work-runtime:2.10.0] AndroidManifest.xml:122:9-131:20